1015 9630 5
1019 9534 6
1043 8492 7
1088 8385 3
1168 9765 4
1182 9754 4
1266 5138 2
1289 9018 5
1310 9544 7
1569 9293 4
1592 8909 4
1649 1649 1
1657 8441 8
1781 9988 9
1815 6262 2
1817 8383 5
1840 5952 5
2023 8482 4
2066 5940 2
2069 6840 3
2118 8197 4
2199 9365 6
2253 9296 5
2301 8000 8
2352 6165 2
2394 6369 4
2415 9024 5
2531 9331 6
2770 8803 6
2799 8094 3
3071 7938 5
3115 4969 2
3158 6905 2
3160 9528 5
3254 8746 5
3331 9948 5
3408 5781 2
3526 6832 3
4136 8781 5
4320 9869 2
4325 9058 4
4631 9515 3
5034 9152 5
5109 8451 3
5119 9777 2
6185 9096 3
6680 7986 2
7330 7330 1
7834 7834 1
8407 8407 1
