1018 8988 3
1072 7552 6
1077 8810 9
1118 7354 6
1223 7049 5
1233 8827 8
1251 9696 5
1294 8842 8
1299 8516 9
1300 9422 2
1340 5725 4
1345 9465 4
1508 6367 3
1550 9719 3
1608 8053 3
1706 9252 9
1924 4617 2
1947 9959 7
2059 6746 4
2108 9760 7
2208 9793 6
2308 9523 6
2332 9706 6
2376 8755 4
2404 6270 7
2580 8228 3
2735 8867 7
2799 6440 4
2836 9682 7
3207 8209 4
3283 3283 1
3496 7523 2
4188 9660 2
4216 7110 4
4333 6700 4
4339 4339 1
4636 8959 3
4654 4654 1
5125 8542 4
5162 9871 5
5568 6937 2
5572 5572 1
5758 5758 1
6605 9763 2
7353 9963 3
8329 8329 1
8374 8374 1
9733 9733 1
