1024
1091
1139
1176
1186
1197
1309
1372
1402
1425
1464
1471
1522
1611
1618
1664
1682
1683
1721
1791
1798
1826
1828
1846
1897
1902
1947
2009
2019
2035
2039
2091
2130
2140
2163
2296
2367
2451
2551
2553
2613
2681
2695
2707
2728
2737
2772
2814
2817
2983
3053
3125
3138
3189
3217
3235
3317
3323
3347
3349
3379
3410
3442
3478
3505
3761
3767
3860
3862
3865
3873
4072
4122
4124
4186
4210
4297
4298
4321
4332
4371
4384
4396
4453
4460
4464
4481
4490
4500
4515
4521
4542
4575
4661
4860
4906
5009
5141
5182
5286
5425
5459
5579
5714
5901
5909
5967
6041
6171
6209
6219
6286
6311
6328
6374
6392
6432
6455
6537
6548
6550
6600
6634
6680
6694
6697
6812
6819
6845
6869
6901
6936
6942
6981
7026
7045
7047
7057
7094
7121
7126
7241
7270
7353
7436
7459
7475
7482
7484
7552
7602
7647
7672
7847
7878
7892
7918
7942
7958
8150
8172
8197
8271
8298
8332
8422
8501
8529
8564
8594
8646
8733
8749
8801
8842
8928
8940
8972
9050
9056
9082
9134
9234
9238
9297
9341
9363
9378
9402
9444
9453
9463
9496
9499
9505
9613
9682
9709
9829
9925
